<?xml version="1.0" encoding="UTF-8"?>
<testsuite xmlns:xsi="http://www.w3.org/2001/XMLSchema-instance" xsi:noNamespaceSchemaLocation="https://maven.apache.org/surefire/maven-surefire-plugin/xsd/surefire-test-report.xsd" name="name.lattuada.trading.tests.CucumberTest" time="3.789" tests="4" errors="0" skipped="0" failures="0">
  <properties>
    <property name="java.specification.version" value="19"/>
    <property name="sun.jnu.encoding" value="UTF-8"/>
    <property name="java.class.path" value="/Users/sumeetgyanchandani/Java Projects/trading-app/target/test-classes:/Users/sumeetgyanchandani/Java Projects/trading-app/target/classes:/Users/sumeetgyanchandani/.m2/repository/org/springframework/boot/spring-boot-starter-data-rest/2.5.5/spring-boot-starter-data-rest-2.5.5.jar:/Users/sumeetgyanchandani/.m2/repository/org/springframework/data/spring-data-rest-webmvc/3.5.5/spring-data-rest-webmvc-3.5.5.jar:/Users/sumeetgyanchandani/.m2/repository/org/springframework/data/spring-data-rest-core/3.5.5/spring-data-rest-core-3.5.5.jar:/Users/sumeetgyanchandani/.m2/repository/org/springframework/hateoas/spring-hateoas/1.3.4/spring-hateoas-1.3.4.jar:/Users/sumeetgyanchandani/.m2/repository/org/atteo/evo-inflector/1.2.2/evo-inflector-1.2.2.jar:/Users/sumeetgyanchandani/.m2/repository/com/fasterxml/jackson/core/jackson-databind/2.12.5/jackson-databind-2.12.5.jar:/Users/sumeetgyanchandani/.m2/repository/com/fasterxml/jackson/core/jackson-core/2.12.5/jackson-core-2.12.5.jar:/Users/sumeetgyanchandani/.m2/repository/com/fasterxml/jackson/core/jackson-annotations/2.12.5/jackson-annotations-2.12.5.jar:/Users/sumeetgyanchandani/.m2/repository/org/springframework/boot/spring-boot-starter-web/2.5.5/spring-boot-starter-web-2.5.5.jar:/Users/sumeetgyanchandani/.m2/repository/org/springframework/boot/spring-boot-starter/2.5.5/spring-boot-starter-2.5.5.jar:/Users/sumeetgyanchandani/.m2/repository/org/springframework/boot/spring-boot/2.5.5/spring-boot-2.5.5.jar:/Users/sumeetgyanchandani/.m2/repository/org/springframework/boot/spring-boot-autoconfigure/2.5.5/spring-boot-autoconfigure-2.5.5.jar:/Users/sumeetgyanchandani/.m2/repository/org/springframework/boot/spring-boot-starter-logging/2.5.5/spring-boot-starter-logging-2.5.5.jar:/Users/sumeetgyanchandani/.m2/repository/org/apache/logging/log4j/log4j-to-slf4j/2.14.1/log4j-to-slf4j-2.14.1.jar:/Users/sumeetgyanchandani/.m2/repository/org/apache/logging/log4j/log4j-api/2.14.1/log4j-api-2.14.1.jar:/Users/sumeetgyanchandani/.m2/repository/org/slf4j/jul-to-slf4j/1.7.32/jul-to-slf4j-1.7.32.jar:/Users/sumeetgyanchandani/.m2/repository/jakarta/annotation/jakarta.annotation-api/1.3.5/jakarta.annotation-api-1.3.5.jar:/Users/sumeetgyanchandani/.m2/repository/org/yaml/snakeyaml/1.28/snakeyaml-1.28.jar:/Users/sumeetgyanchandani/.m2/repository/org/springframework/boot/spring-boot-starter-json/2.5.5/spring-boot-starter-json-2.5.5.jar:/Users/sumeetgyanchandani/.m2/repository/com/fasterxml/jackson/datatype/jackson-datatype-jdk8/2.12.5/jackson-datatype-jdk8-2.12.5.jar:/Users/sumeetgyanchandani/.m2/repository/com/fasterxml/jackson/datatype/jackson-datatype-jsr310/2.12.5/jackson-datatype-jsr310-2.12.5.jar:/Users/sumeetgyanchandani/.m2/repository/com/fasterxml/jackson/module/jackson-module-parameter-names/2.12.5/jackson-module-parameter-names-2.12.5.jar:/Users/sumeetgyanchandani/.m2/repository/org/springframework/boot/spring-boot-starter-tomcat/2.5.5/spring-boot-starter-tomcat-2.5.5.jar:/Users/sumeetgyanchandani/.m2/repository/org/apache/tomcat/embed/tomcat-embed-core/9.0.53/tomcat-embed-core-9.0.53.jar:/Users/sumeetgyanchandani/.m2/repository/org/apache/tomcat/embed/tomcat-embed-websocket/9.0.53/tomcat-embed-websocket-9.0.53.jar:/Users/sumeetgyanchandani/.m2/repository/org/springframework/spring-web/5.3.10/spring-web-5.3.10.jar:/Users/sumeetgyanchandani/.m2/repository/org/springframework/spring-beans/5.3.10/spring-beans-5.3.10.jar:/Users/sumeetgyanchandani/.m2/repository/org/springframework/spring-webmvc/5.3.10/spring-webmvc-5.3.10.jar:/Users/sumeetgyanchandani/.m2/repository/org/springframework/spring-aop/5.3.10/spring-aop-5.3.10.jar:/Users/sumeetgyanchandani/.m2/repository/org/springframework/spring-context/5.3.10/spring-context-5.3.10.jar:/Users/sumeetgyanchandani/.m2/repository/org/springframework/spring-expression/5.3.10/spring-expression-5.3.10.jar:/Users/sumeetgyanchandani/.m2/repository/org/springframework/boot/spring-boot-starter-data-jpa/2.5.5/spring-boot-starter-data-jpa-2.5.5.jar:/Users/sumeetgyanchandani/.m2/repository/org/springframework/boot/spring-boot-starter-aop/2.5.5/spring-boot-starter-aop-2.5.5.jar:/Users/sumeetgyanchandani/.m2/repository/org/aspectj/aspectjweaver/1.9.7/aspectjweaver-1.9.7.jar:/Users/sumeetgyanchandani/.m2/repository/org/springframework/boot/spring-boot-starter-jdbc/2.5.5/spring-boot-starter-jdbc-2.5.5.jar:/Users/sumeetgyanchandani/.m2/repository/com/zaxxer/HikariCP/4.0.3/HikariCP-4.0.3.jar:/Users/sumeetgyanchandani/.m2/repository/org/springframework/spring-jdbc/5.3.10/spring-jdbc-5.3.10.jar:/Users/sumeetgyanchandani/.m2/repository/jakarta/transaction/jakarta.transaction-api/1.3.3/jakarta.transaction-api-1.3.3.jar:/Users/sumeetgyanchandani/.m2/repository/jakarta/persistence/jakarta.persistence-api/2.2.3/jakarta.persistence-api-2.2.3.jar:/Users/sumeetgyanchandani/.m2/repository/org/hibernate/hibernate-core/5.4.32.Final/hibernate-core-5.4.32.Final.jar:/Users/sumeetgyanchandani/.m2/repository/org/jboss/logging/jboss-logging/3.4.2.Final/jboss-logging-3.4.2.Final.jar:/Users/sumeetgyanchandani/.m2/repository/org/javassist/javassist/3.27.0-GA/javassist-3.27.0-GA.jar:/Users/sumeetgyanchandani/.m2/repository/net/bytebuddy/byte-buddy/1.10.22/byte-buddy-1.10.22.jar:/Users/sumeetgyanchandani/.m2/repository/antlr/antlr/2.7.7/antlr-2.7.7.jar:/Users/sumeetgyanchandani/.m2/repository/org/jboss/jandex/2.2.3.Final/jandex-2.2.3.Final.jar:/Users/sumeetgyanchandani/.m2/repository/org/dom4j/dom4j/2.1.3/dom4j-2.1.3.jar:/Users/sumeetgyanchandani/.m2/repository/org/hibernate/common/hibernate-commons-annotations/5.1.2.Final/hibernate-commons-annotations-5.1.2.Final.jar:/Users/sumeetgyanchandani/.m2/repository/org/glassfish/jaxb/jaxb-runtime/2.3.5/jaxb-runtime-2.3.5.jar:/Users/sumeetgyanchandani/.m2/repository/org/glassfish/jaxb/txw2/2.3.5/txw2-2.3.5.jar:/Users/sumeetgyanchandani/.m2/repository/com/sun/istack/istack-commons-runtime/3.0.12/istack-commons-runtime-3.0.12.jar:/Users/sumeetgyanchandani/.m2/repository/com/sun/activation/jakarta.activation/1.2.2/jakarta.activation-1.2.2.jar:/Users/sumeetgyanchandani/.m2/repository/org/springframework/data/spring-data-jpa/2.5.5/spring-data-jpa-2.5.5.jar:/Users/sumeetgyanchandani/.m2/repository/org/springframework/data/spring-data-commons/2.5.5/spring-data-commons-2.5.5.jar:/Users/sumeetgyanchandani/.m2/repository/org/springframework/spring-orm/5.3.10/spring-orm-5.3.10.jar:/Users/sumeetgyanchandani/.m2/repository/org/springframework/spring-tx/5.3.10/spring-tx-5.3.10.jar:/Users/sumeetgyanchandani/.m2/repository/org/springframework/spring-aspects/5.3.10/spring-aspects-5.3.10.jar:/Users/sumeetgyanchandani/.m2/repository/org/springframework/boot/spring-boot-starter-validation/2.5.5/spring-boot-starter-validation-2.5.5.jar:/Users/sumeetgyanchandani/.m2/repository/org/apache/tomcat/embed/tomcat-embed-el/9.0.53/tomcat-embed-el-9.0.53.jar:/Users/sumeetgyanchandani/.m2/repository/org/hibernate/validator/hibernate-validator/6.2.0.Final/hibernate-validator-6.2.0.Final.jar:/Users/sumeetgyanchandani/.m2/repository/jakarta/validation/jakarta.validation-api/2.0.2/jakarta.validation-api-2.0.2.jar:/Users/sumeetgyanchandani/.m2/repository/org/springframework/boot/spring-boot-configuration-processor/2.5.5/spring-boot-configuration-processor-2.5.5.jar:/Users/sumeetgyanchandani/.m2/repository/org/springframework/boot/spring-boot-starter-thymeleaf/2.5.5/spring-boot-starter-thymeleaf-2.5.5.jar:/Users/sumeetgyanchandani/.m2/repository/org/thymeleaf/thymeleaf-spring5/3.0.12.RELEASE/thymeleaf-spring5-3.0.12.RELEASE.jar:/Users/sumeetgyanchandani/.m2/repository/org/thymeleaf/thymeleaf/3.0.12.RELEASE/thymeleaf-3.0.12.RELEASE.jar:/Users/sumeetgyanchandani/.m2/repository/org/attoparser/attoparser/2.0.5.RELEASE/attoparser-2.0.5.RELEASE.jar:/Users/sumeetgyanchandani/.m2/repository/org/unbescape/unbescape/1.1.6.RELEASE/unbescape-1.1.6.RELEASE.jar:/Users/sumeetgyanchandani/.m2/repository/org/thymeleaf/extras/thymeleaf-extras-java8time/3.0.4.RELEASE/thymeleaf-extras-java8time-3.0.4.RELEASE.jar:/Users/sumeetgyanchandani/.m2/repository/io/springfox/springfox-boot-starter/3.0.0/springfox-boot-starter-3.0.0.jar:/Users/sumeetgyanchandani/.m2/repository/io/springfox/springfox-oas/3.0.0/springfox-oas-3.0.0.jar:/Users/sumeetgyanchandani/.m2/repository/io/swagger/core/v3/swagger-annotations/2.1.2/swagger-annotations-2.1.2.jar:/Users/sumeetgyanchandani/.m2/repository/io/swagger/core/v3/swagger-models/2.1.2/swagger-models-2.1.2.jar:/Users/sumeetgyanchandani/.m2/repository/io/springfox/springfox-spi/3.0.0/springfox-spi-3.0.0.jar:/Users/sumeetgyanchandani/.m2/repository/io/springfox/springfox-schema/3.0.0/springfox-schema-3.0.0.jar:/Users/sumeetgyanchandani/.m2/repository/io/springfox/springfox-core/3.0.0/springfox-core-3.0.0.jar:/Users/sumeetgyanchandani/.m2/repository/io/springfox/springfox-spring-web/3.0.0/springfox-spring-web-3.0.0.jar:/Users/sumeetgyanchandani/.m2/repository/io/github/classgraph/classgraph/4.8.83/classgraph-4.8.83.jar:/Users/sumeetgyanchandani/.m2/repository/io/springfox/springfox-spring-webmvc/3.0.0/springfox-spring-webmvc-3.0.0.jar:/Users/sumeetgyanchandani/.m2/repository/io/springfox/springfox-spring-webflux/3.0.0/springfox-spring-webflux-3.0.0.jar:/Users/sumeetgyanchandani/.m2/repository/io/springfox/springfox-swagger-common/3.0.0/springfox-swagger-common-3.0.0.jar:/Users/sumeetgyanchandani/.m2/repository/org/mapstruct/mapstruct/1.3.1.Final/mapstruct-1.3.1.Final.jar:/Users/sumeetgyanchandani/.m2/repository/io/springfox/springfox-data-rest/3.0.0/springfox-data-rest-3.0.0.jar:/Users/sumeetgyanchandani/.m2/repository/io/springfox/springfox-bean-validators/3.0.0/springfox-bean-validators-3.0.0.jar:/Users/sumeetgyanchandani/.m2/repository/io/springfox/springfox-swagger2/3.0.0/springfox-swagger2-3.0.0.jar:/Users/sumeetgyanchandani/.m2/repository/io/swagger/swagger-annotations/1.5.20/swagger-annotations-1.5.20.jar:/Users/sumeetgyanchandani/.m2/repository/io/swagger/swagger-models/1.5.20/swagger-models-1.5.20.jar:/Users/sumeetgyanchandani/.m2/repository/io/springfox/springfox-swagger-ui/3.0.0/springfox-swagger-ui-3.0.0.jar:/Users/sumeetgyanchandani/.m2/repository/com/fasterxml/classmate/1.5.1/classmate-1.5.1.jar:/Users/sumeetgyanchandani/.m2/repository/org/slf4j/slf4j-api/1.7.32/slf4j-api-1.7.32.jar:/Users/sumeetgyanchandani/.m2/repository/org/springframework/plugin/spring-plugin-core/2.0.0.RELEASE/spring-plugin-core-2.0.0.RELEASE.jar:/Users/sumeetgyanchandani/.m2/repository/org/springframework/plugin/spring-plugin-metadata/2.0.0.RELEASE/spring-plugin-metadata-2.0.0.RELEASE.jar:/Users/sumeetgyanchandani/.m2/repository/commons-codec/commons-codec/1.15/commons-codec-1.15.jar:/Users/sumeetgyanchandani/.m2/repository/org/bouncycastle/bcprov-jdk15on/1.69/bcprov-jdk15on-1.69.jar:/Users/sumeetgyanchandani/.m2/repository/commons-io/commons-io/2.11.0/commons-io-2.11.0.jar:/Users/sumeetgyanchandani/.m2/repository/org/projectlombok/lombok/1.18.20/lombok-1.18.20.jar:/Users/sumeetgyanchandani/.m2/repository/com/h2database/h2/1.4.200/h2-1.4.200.jar:/Users/sumeetgyanchandani/.m2/repository/org/owasp/security-logging-common/1.1.6/security-logging-common-1.1.6.jar:/Users/sumeetgyanchandani/.m2/repository/org/owasp/security-logging-logback/1.1.6/security-logging-logback-1.1.6.jar:/Users/sumeetgyanchandani/.m2/repository/ch/qos/logback/logback-classic/1.2.6/logback-classic-1.2.6.jar:/Users/sumeetgyanchandani/.m2/repository/ch/qos/logback/logback-core/1.2.6/logback-core-1.2.6.jar:/Users/sumeetgyanchandani/.m2/repository/org/apache/commons/commons-lang3/3.12.0/commons-lang3-3.12.0.jar:/Users/sumeetgyanchandani/.m2/repository/org/modelmapper/modelmapper/2.4.4/modelmapper-2.4.4.jar:/Users/sumeetgyanchandani/.m2/repository/org/springframework/boot/spring-boot-starter-test/2.5.5/spring-boot-starter-test-2.5.5.jar:/Users/sumeetgyanchandani/.m2/repository/org/springframework/boot/spring-boot-test/2.5.5/spring-boot-test-2.5.5.jar:/Users/sumeetgyanchandani/.m2/repository/org/springframework/boot/spring-boot-test-autoconfigure/2.5.5/spring-boot-test-autoconfigure-2.5.5.jar:/Users/sumeetgyanchandani/.m2/repository/com/jayway/jsonpath/json-path/2.5.0/json-path-2.5.0.jar:/Users/sumeetgyanchandani/.m2/repository/net/minidev/json-smart/2.4.7/json-smart-2.4.7.jar:/Users/sumeetgyanchandani/.m2/repository/net/minidev/accessors-smart/2.4.7/accessors-smart-2.4.7.jar:/Users/sumeetgyanchandani/.m2/repository/org/ow2/asm/asm/9.1/asm-9.1.jar:/Users/sumeetgyanchandani/.m2/repository/jakarta/xml/bind/jakarta.xml.bind-api/2.3.3/jakarta.xml.bind-api-2.3.3.jar:/Users/sumeetgyanchandani/.m2/repository/jakarta/activation/jakarta.activation-api/1.2.2/jakarta.activation-api-1.2.2.jar:/Users/sumeetgyanchandani/.m2/repository/org/hamcrest/hamcrest/2.2/hamcrest-2.2.jar:/Users/sumeetgyanchandani/.m2/repository/org/junit/jupiter/junit-jupiter/5.8.1/junit-jupiter-5.8.1.jar:/Users/sumeetgyanchandani/.m2/repository/org/junit/jupiter/junit-jupiter-params/5.8.1/junit-jupiter-params-5.8.1.jar:/Users/sumeetgyanchandani/.m2/repository/org/junit/jupiter/junit-jupiter-engine/5.8.1/junit-jupiter-engine-5.8.1.jar:/Users/sumeetgyanchandani/.m2/repository/org/mockito/mockito-core/3.9.0/mockito-core-3.9.0.jar:/Users/sumeetgyanchandani/.m2/repository/net/bytebuddy/byte-buddy-agent/1.10.22/byte-buddy-agent-1.10.22.jar:/Users/sumeetgyanchandani/.m2/repository/org/objenesis/objenesis/3.2/objenesis-3.2.jar:/Users/sumeetgyanchandani/.m2/repository/org/mockito/mockito-junit-jupiter/3.9.0/mockito-junit-jupiter-3.9.0.jar:/Users/sumeetgyanchandani/.m2/repository/org/skyscreamer/jsonassert/1.5.0/jsonassert-1.5.0.jar:/Users/sumeetgyanchandani/.m2/repository/com/vaadin/external/google/android-json/0.0.20131108.vaadin1/android-json-0.0.20131108.vaadin1.jar:/Users/sumeetgyanchandani/.m2/repository/org/springframework/spring-core/5.3.10/spring-core-5.3.10.jar:/Users/sumeetgyanchandani/.m2/repository/org/springframework/spring-jcl/5.3.10/spring-jcl-5.3.10.jar:/Users/sumeetgyanchandani/.m2/repository/org/springframework/spring-test/5.3.10/spring-test-5.3.10.jar:/Users/sumeetgyanchandani/.m2/repository/org/xmlunit/xmlunit-core/2.8.2/xmlunit-core-2.8.2.jar:/Users/sumeetgyanchandani/.m2/repository/io/cucumber/cucumber-java/6.11.0/cucumber-java-6.11.0.jar:/Users/sumeetgyanchandani/.m2/repository/io/cucumber/cucumber-core/6.11.0/cucumber-core-6.11.0.jar:/Users/sumeetgyanchandani/.m2/repository/io/cucumber/cucumber-gherkin/6.11.0/cucumber-gherkin-6.11.0.jar:/Users/sumeetgyanchandani/.m2/repository/io/cucumber/cucumber-gherkin-messages/6.11.0/cucumber-gherkin-messages-6.11.0.jar:/Users/sumeetgyanchandani/.m2/repository/io/cucumber/messages/15.0.0/messages-15.0.0.jar:/Users/sumeetgyanchandani/.m2/repository/io/cucumber/tag-expressions/3.0.1/tag-expressions-3.0.1.jar:/Users/sumeetgyanchandani/.m2/repository/io/cucumber/cucumber-expressions/10.3.0/cucumber-expressions-10.3.0.jar:/Users/sumeetgyanchandani/.m2/repository/io/cucumber/datatable/3.5.0/datatable-3.5.0.jar:/Users/sumeetgyanchandani/.m2/repository/io/cucumber/cucumber-plugin/6.11.0/cucumber-plugin-6.11.0.jar:/Users/sumeetgyanchandani/.m2/repository/io/cucumber/docstring/6.11.0/docstring-6.11.0.jar:/Users/sumeetgyanchandani/.m2/repository/io/cucumber/html-formatter/13.0.0/html-formatter-13.0.0.jar:/Users/sumeetgyanchandani/.m2/repository/io/cucumber/create-meta/4.0.0/create-meta-4.0.0.jar:/Users/sumeetgyanchandani/.m2/repository/org/apiguardian/apiguardian-api/1.1.2/apiguardian-api-1.1.2.jar:/Users/sumeetgyanchandani/.m2/repository/io/cucumber/cucumber-junit/6.11.0/cucumber-junit-6.11.0.jar:/Users/sumeetgyanchandani/.m2/repository/junit/junit/4.13.2/junit-4.13.2.jar:/Users/sumeetgyanchandani/.m2/repository/org/hamcrest/hamcrest-core/2.2/hamcrest-core-2.2.jar:/Users/sumeetgyanchandani/.m2/repository/io/cucumber/cucumber-junit-platform-engine/6.11.0/cucumber-junit-platform-engine-6.11.0.jar:/Users/sumeetgyanchandani/.m2/repository/org/junit/platform/junit-platform-engine/1.8.1/junit-platform-engine-1.8.1.jar:/Users/sumeetgyanchandani/.m2/repository/org/junit/jupiter/junit-jupiter-api/5.8.1/junit-jupiter-api-5.8.1.jar:/Users/sumeetgyanchandani/.m2/repository/org/opentest4j/opentest4j/1.2.0/opentest4j-1.2.0.jar:/Users/sumeetgyanchandani/.m2/repository/org/junit/platform/junit-platform-commons/1.8.1/junit-platform-commons-1.8.1.jar:/Users/sumeetgyanchandani/.m2/repository/org/junit/vintage/junit-vintage-engine/5.8.1/junit-vintage-engine-5.8.1.jar:/Users/sumeetgyanchandani/.m2/repository/io/cucumber/cucumber-spring/6.11.0/cucumber-spring-6.11.0.jar:/Users/sumeetgyanchandani/.m2/repository/org/assertj/assertj-core/3.21.0/assertj-core-3.21.0.jar:"/>
    <property name="java.vm.vendor" value="Oracle Corporation"/>
    <property name="sun.arch.data.model" value="64"/>
    <property name="java.vendor.url" value="https://java.oracle.com/"/>
    <property name="os.name" value="Mac OS X"/>
    <property name="java.vm.specification.version" value="19"/>
    <property name="sun.java.launcher" value="SUN_STANDARD"/>
    <property name="user.country" value="US"/>
    <property name="sun.boot.library.path" value="/Library/Java/JavaVirtualMachines/jdk-19.jdk/Contents/Home/lib"/>
    <property name="sun.java.command" value="/Users/sumeetgyanchandani/Java Projects/trading-app/target/surefire/surefirebooter5533806010828752768.jar /Users/sumeetgyanchandani/Java Projects/trading-app/target/surefire 2022-11-28T17-32-18_870-jvmRun1 surefire11042820497027695802tmp surefire_0424024112951895124tmp"/>
    <property name="http.nonProxyHosts" value="local|*.local|169.254/16|*.169.254/16"/>
    <property name="jdk.debug" value="release"/>
    <property name="surefire.test.class.path" value="/Users/sumeetgyanchandani/Java Projects/trading-app/target/test-classes:/Users/sumeetgyanchandani/Java Projects/trading-app/target/classes:/Users/sumeetgyanchandani/.m2/repository/org/springframework/boot/spring-boot-starter-data-rest/2.5.5/spring-boot-starter-data-rest-2.5.5.jar:/Users/sumeetgyanchandani/.m2/repository/org/springframework/data/spring-data-rest-webmvc/3.5.5/spring-data-rest-webmvc-3.5.5.jar:/Users/sumeetgyanchandani/.m2/repository/org/springframework/data/spring-data-rest-core/3.5.5/spring-data-rest-core-3.5.5.jar:/Users/sumeetgyanchandani/.m2/repository/org/springframework/hateoas/spring-hateoas/1.3.4/spring-hateoas-1.3.4.jar:/Users/sumeetgyanchandani/.m2/repository/org/atteo/evo-inflector/1.2.2/evo-inflector-1.2.2.jar:/Users/sumeetgyanchandani/.m2/repository/com/fasterxml/jackson/core/jackson-databind/2.12.5/jackson-databind-2.12.5.jar:/Users/sumeetgyanchandani/.m2/repository/com/fasterxml/jackson/core/jackson-core/2.12.5/jackson-core-2.12.5.jar:/Users/sumeetgyanchandani/.m2/repository/com/fasterxml/jackson/core/jackson-annotations/2.12.5/jackson-annotations-2.12.5.jar:/Users/sumeetgyanchandani/.m2/repository/org/springframework/boot/spring-boot-starter-web/2.5.5/spring-boot-starter-web-2.5.5.jar:/Users/sumeetgyanchandani/.m2/repository/org/springframework/boot/spring-boot-starter/2.5.5/spring-boot-starter-2.5.5.jar:/Users/sumeetgyanchandani/.m2/repository/org/springframework/boot/spring-boot/2.5.5/spring-boot-2.5.5.jar:/Users/sumeetgyanchandani/.m2/repository/org/springframework/boot/spring-boot-autoconfigure/2.5.5/spring-boot-autoconfigure-2.5.5.jar:/Users/sumeetgyanchandani/.m2/repository/org/springframework/boot/spring-boot-starter-logging/2.5.5/spring-boot-starter-logging-2.5.5.jar:/Users/sumeetgyanchandani/.m2/repository/org/apache/logging/log4j/log4j-to-slf4j/2.14.1/log4j-to-slf4j-2.14.1.jar:/Users/sumeetgyanchandani/.m2/repository/org/apache/logging/log4j/log4j-api/2.14.1/log4j-api-2.14.1.jar:/Users/sumeetgyanchandani/.m2/repository/org/slf4j/jul-to-slf4j/1.7.32/jul-to-slf4j-1.7.32.jar:/Users/sumeetgyanchandani/.m2/repository/jakarta/annotation/jakarta.annotation-api/1.3.5/jakarta.annotation-api-1.3.5.jar:/Users/sumeetgyanchandani/.m2/repository/org/yaml/snakeyaml/1.28/snakeyaml-1.28.jar:/Users/sumeetgyanchandani/.m2/repository/org/springframework/boot/spring-boot-starter-json/2.5.5/spring-boot-starter-json-2.5.5.jar:/Users/sumeetgyanchandani/.m2/repository/com/fasterxml/jackson/datatype/jackson-datatype-jdk8/2.12.5/jackson-datatype-jdk8-2.12.5.jar:/Users/sumeetgyanchandani/.m2/repository/com/fasterxml/jackson/datatype/jackson-datatype-jsr310/2.12.5/jackson-datatype-jsr310-2.12.5.jar:/Users/sumeetgyanchandani/.m2/repository/com/fasterxml/jackson/module/jackson-module-parameter-names/2.12.5/jackson-module-parameter-names-2.12.5.jar:/Users/sumeetgyanchandani/.m2/repository/org/springframework/boot/spring-boot-starter-tomcat/2.5.5/spring-boot-starter-tomcat-2.5.5.jar:/Users/sumeetgyanchandani/.m2/repository/org/apache/tomcat/embed/tomcat-embed-core/9.0.53/tomcat-embed-core-9.0.53.jar:/Users/sumeetgyanchandani/.m2/repository/org/apache/tomcat/embed/tomcat-embed-websocket/9.0.53/tomcat-embed-websocket-9.0.53.jar:/Users/sumeetgyanchandani/.m2/repository/org/springframework/spring-web/5.3.10/spring-web-5.3.10.jar:/Users/sumeetgyanchandani/.m2/repository/org/springframework/spring-beans/5.3.10/spring-beans-5.3.10.jar:/Users/sumeetgyanchandani/.m2/repository/org/springframework/spring-webmvc/5.3.10/spring-webmvc-5.3.10.jar:/Users/sumeetgyanchandani/.m2/repository/org/springframework/spring-aop/5.3.10/spring-aop-5.3.10.jar:/Users/sumeetgyanchandani/.m2/repository/org/springframework/spring-context/5.3.10/spring-context-5.3.10.jar:/Users/sumeetgyanchandani/.m2/repository/org/springframework/spring-expression/5.3.10/spring-expression-5.3.10.jar:/Users/sumeetgyanchandani/.m2/repository/org/springframework/boot/spring-boot-starter-data-jpa/2.5.5/spring-boot-starter-data-jpa-2.5.5.jar:/Users/sumeetgyanchandani/.m2/repository/org/springframework/boot/spring-boot-starter-aop/2.5.5/spring-boot-starter-aop-2.5.5.jar:/Users/sumeetgyanchandani/.m2/repository/org/aspectj/aspectjweaver/1.9.7/aspectjweaver-1.9.7.jar:/Users/sumeetgyanchandani/.m2/repository/org/springframework/boot/spring-boot-starter-jdbc/2.5.5/spring-boot-starter-jdbc-2.5.5.jar:/Users/sumeetgyanchandani/.m2/repository/com/zaxxer/HikariCP/4.0.3/HikariCP-4.0.3.jar:/Users/sumeetgyanchandani/.m2/repository/org/springframework/spring-jdbc/5.3.10/spring-jdbc-5.3.10.jar:/Users/sumeetgyanchandani/.m2/repository/jakarta/transaction/jakarta.transaction-api/1.3.3/jakarta.transaction-api-1.3.3.jar:/Users/sumeetgyanchandani/.m2/repository/jakarta/persistence/jakarta.persistence-api/2.2.3/jakarta.persistence-api-2.2.3.jar:/Users/sumeetgyanchandani/.m2/repository/org/hibernate/hibernate-core/5.4.32.Final/hibernate-core-5.4.32.Final.jar:/Users/sumeetgyanchandani/.m2/repository/org/jboss/logging/jboss-logging/3.4.2.Final/jboss-logging-3.4.2.Final.jar:/Users/sumeetgyanchandani/.m2/repository/org/javassist/javassist/3.27.0-GA/javassist-3.27.0-GA.jar:/Users/sumeetgyanchandani/.m2/repository/net/bytebuddy/byte-buddy/1.10.22/byte-buddy-1.10.22.jar:/Users/sumeetgyanchandani/.m2/repository/antlr/antlr/2.7.7/antlr-2.7.7.jar:/Users/sumeetgyanchandani/.m2/repository/org/jboss/jandex/2.2.3.Final/jandex-2.2.3.Final.jar:/Users/sumeetgyanchandani/.m2/repository/org/dom4j/dom4j/2.1.3/dom4j-2.1.3.jar:/Users/sumeetgyanchandani/.m2/repository/org/hibernate/common/hibernate-commons-annotations/5.1.2.Final/hibernate-commons-annotations-5.1.2.Final.jar:/Users/sumeetgyanchandani/.m2/repository/org/glassfish/jaxb/jaxb-runtime/2.3.5/jaxb-runtime-2.3.5.jar:/Users/sumeetgyanchandani/.m2/repository/org/glassfish/jaxb/txw2/2.3.5/txw2-2.3.5.jar:/Users/sumeetgyanchandani/.m2/repository/com/sun/istack/istack-commons-runtime/3.0.12/istack-commons-runtime-3.0.12.jar:/Users/sumeetgyanchandani/.m2/repository/com/sun/activation/jakarta.activation/1.2.2/jakarta.activation-1.2.2.jar:/Users/sumeetgyanchandani/.m2/repository/org/springframework/data/spring-data-jpa/2.5.5/spring-data-jpa-2.5.5.jar:/Users/sumeetgyanchandani/.m2/repository/org/springframework/data/spring-data-commons/2.5.5/spring-data-commons-2.5.5.jar:/Users/sumeetgyanchandani/.m2/repository/org/springframework/spring-orm/5.3.10/spring-orm-5.3.10.jar:/Users/sumeetgyanchandani/.m2/repository/org/springframework/spring-tx/5.3.10/spring-tx-5.3.10.jar:/Users/sumeetgyanchandani/.m2/repository/org/springframework/spring-aspects/5.3.10/spring-aspects-5.3.10.jar:/Users/sumeetgyanchandani/.m2/repository/org/springframework/boot/spring-boot-starter-validation/2.5.5/spring-boot-starter-validation-2.5.5.jar:/Users/sumeetgyanchandani/.m2/repository/org/apache/tomcat/embed/tomcat-embed-el/9.0.53/tomcat-embed-el-9.0.53.jar:/Users/sumeetgyanchandani/.m2/repository/org/hibernate/validator/hibernate-validator/6.2.0.Final/hibernate-validator-6.2.0.Final.jar:/Users/sumeetgyanchandani/.m2/repository/jakarta/validation/jakarta.validation-api/2.0.2/jakarta.validation-api-2.0.2.jar:/Users/sumeetgyanchandani/.m2/repository/org/springframework/boot/spring-boot-configuration-processor/2.5.5/spring-boot-configuration-processor-2.5.5.jar:/Users/sumeetgyanchandani/.m2/repository/org/springframework/boot/spring-boot-starter-thymeleaf/2.5.5/spring-boot-starter-thymeleaf-2.5.5.jar:/Users/sumeetgyanchandani/.m2/repository/org/thymeleaf/thymeleaf-spring5/3.0.12.RELEASE/thymeleaf-spring5-3.0.12.RELEASE.jar:/Users/sumeetgyanchandani/.m2/repository/org/thymeleaf/thymeleaf/3.0.12.RELEASE/thymeleaf-3.0.12.RELEASE.jar:/Users/sumeetgyanchandani/.m2/repository/org/attoparser/attoparser/2.0.5.RELEASE/attoparser-2.0.5.RELEASE.jar:/Users/sumeetgyanchandani/.m2/repository/org/unbescape/unbescape/1.1.6.RELEASE/unbescape-1.1.6.RELEASE.jar:/Users/sumeetgyanchandani/.m2/repository/org/thymeleaf/extras/thymeleaf-extras-java8time/3.0.4.RELEASE/thymeleaf-extras-java8time-3.0.4.RELEASE.jar:/Users/sumeetgyanchandani/.m2/repository/io/springfox/springfox-boot-starter/3.0.0/springfox-boot-starter-3.0.0.jar:/Users/sumeetgyanchandani/.m2/repository/io/springfox/springfox-oas/3.0.0/springfox-oas-3.0.0.jar:/Users/sumeetgyanchandani/.m2/repository/io/swagger/core/v3/swagger-annotations/2.1.2/swagger-annotations-2.1.2.jar:/Users/sumeetgyanchandani/.m2/repository/io/swagger/core/v3/swagger-models/2.1.2/swagger-models-2.1.2.jar:/Users/sumeetgyanchandani/.m2/repository/io/springfox/springfox-spi/3.0.0/springfox-spi-3.0.0.jar:/Users/sumeetgyanchandani/.m2/repository/io/springfox/springfox-schema/3.0.0/springfox-schema-3.0.0.jar:/Users/sumeetgyanchandani/.m2/repository/io/springfox/springfox-core/3.0.0/springfox-core-3.0.0.jar:/Users/sumeetgyanchandani/.m2/repository/io/springfox/springfox-spring-web/3.0.0/springfox-spring-web-3.0.0.jar:/Users/sumeetgyanchandani/.m2/repository/io/github/classgraph/classgraph/4.8.83/classgraph-4.8.83.jar:/Users/sumeetgyanchandani/.m2/repository/io/springfox/springfox-spring-webmvc/3.0.0/springfox-spring-webmvc-3.0.0.jar:/Users/sumeetgyanchandani/.m2/repository/io/springfox/springfox-spring-webflux/3.0.0/springfox-spring-webflux-3.0.0.jar:/Users/sumeetgyanchandani/.m2/repository/io/springfox/springfox-swagger-common/3.0.0/springfox-swagger-common-3.0.0.jar:/Users/sumeetgyanchandani/.m2/repository/org/mapstruct/mapstruct/1.3.1.Final/mapstruct-1.3.1.Final.jar:/Users/sumeetgyanchandani/.m2/repository/io/springfox/springfox-data-rest/3.0.0/springfox-data-rest-3.0.0.jar:/Users/sumeetgyanchandani/.m2/repository/io/springfox/springfox-bean-validators/3.0.0/springfox-bean-validators-3.0.0.jar:/Users/sumeetgyanchandani/.m2/repository/io/springfox/springfox-swagger2/3.0.0/springfox-swagger2-3.0.0.jar:/Users/sumeetgyanchandani/.m2/repository/io/swagger/swagger-annotations/1.5.20/swagger-annotations-1.5.20.jar:/Users/sumeetgyanchandani/.m2/repository/io/swagger/swagger-models/1.5.20/swagger-models-1.5.20.jar:/Users/sumeetgyanchandani/.m2/repository/io/springfox/springfox-swagger-ui/3.0.0/springfox-swagger-ui-3.0.0.jar:/Users/sumeetgyanchandani/.m2/repository/com/fasterxml/classmate/1.5.1/classmate-1.5.1.jar:/Users/sumeetgyanchandani/.m2/repository/org/slf4j/slf4j-api/1.7.32/slf4j-api-1.7.32.jar:/Users/sumeetgyanchandani/.m2/repository/org/springframework/plugin/spring-plugin-core/2.0.0.RELEASE/spring-plugin-core-2.0.0.RELEASE.jar:/Users/sumeetgyanchandani/.m2/repository/org/springframework/plugin/spring-plugin-metadata/2.0.0.RELEASE/spring-plugin-metadata-2.0.0.RELEASE.jar:/Users/sumeetgyanchandani/.m2/repository/commons-codec/commons-codec/1.15/commons-codec-1.15.jar:/Users/sumeetgyanchandani/.m2/repository/org/bouncycastle/bcprov-jdk15on/1.69/bcprov-jdk15on-1.69.jar:/Users/sumeetgyanchandani/.m2/repository/commons-io/commons-io/2.11.0/commons-io-2.11.0.jar:/Users/sumeetgyanchandani/.m2/repository/org/projectlombok/lombok/1.18.20/lombok-1.18.20.jar:/Users/sumeetgyanchandani/.m2/repository/com/h2database/h2/1.4.200/h2-1.4.200.jar:/Users/sumeetgyanchandani/.m2/repository/org/owasp/security-logging-common/1.1.6/security-logging-common-1.1.6.jar:/Users/sumeetgyanchandani/.m2/repository/org/owasp/security-logging-logback/1.1.6/security-logging-logback-1.1.6.jar:/Users/sumeetgyanchandani/.m2/repository/ch/qos/logback/logback-classic/1.2.6/logback-classic-1.2.6.jar:/Users/sumeetgyanchandani/.m2/repository/ch/qos/logback/logback-core/1.2.6/logback-core-1.2.6.jar:/Users/sumeetgyanchandani/.m2/repository/org/apache/commons/commons-lang3/3.12.0/commons-lang3-3.12.0.jar:/Users/sumeetgyanchandani/.m2/repository/org/modelmapper/modelmapper/2.4.4/modelmapper-2.4.4.jar:/Users/sumeetgyanchandani/.m2/repository/org/springframework/boot/spring-boot-starter-test/2.5.5/spring-boot-starter-test-2.5.5.jar:/Users/sumeetgyanchandani/.m2/repository/org/springframework/boot/spring-boot-test/2.5.5/spring-boot-test-2.5.5.jar:/Users/sumeetgyanchandani/.m2/repository/org/springframework/boot/spring-boot-test-autoconfigure/2.5.5/spring-boot-test-autoconfigure-2.5.5.jar:/Users/sumeetgyanchandani/.m2/repository/com/jayway/jsonpath/json-path/2.5.0/json-path-2.5.0.jar:/Users/sumeetgyanchandani/.m2/repository/net/minidev/json-smart/2.4.7/json-smart-2.4.7.jar:/Users/sumeetgyanchandani/.m2/repository/net/minidev/accessors-smart/2.4.7/accessors-smart-2.4.7.jar:/Users/sumeetgyanchandani/.m2/repository/org/ow2/asm/asm/9.1/asm-9.1.jar:/Users/sumeetgyanchandani/.m2/repository/jakarta/xml/bind/jakarta.xml.bind-api/2.3.3/jakarta.xml.bind-api-2.3.3.jar:/Users/sumeetgyanchandani/.m2/repository/jakarta/activation/jakarta.activation-api/1.2.2/jakarta.activation-api-1.2.2.jar:/Users/sumeetgyanchandani/.m2/repository/org/hamcrest/hamcrest/2.2/hamcrest-2.2.jar:/Users/sumeetgyanchandani/.m2/repository/org/junit/jupiter/junit-jupiter/5.8.1/junit-jupiter-5.8.1.jar:/Users/sumeetgyanchandani/.m2/repository/org/junit/jupiter/junit-jupiter-params/5.8.1/junit-jupiter-params-5.8.1.jar:/Users/sumeetgyanchandani/.m2/repository/org/junit/jupiter/junit-jupiter-engine/5.8.1/junit-jupiter-engine-5.8.1.jar:/Users/sumeetgyanchandani/.m2/repository/org/mockito/mockito-core/3.9.0/mockito-core-3.9.0.jar:/Users/sumeetgyanchandani/.m2/repository/net/bytebuddy/byte-buddy-agent/1.10.22/byte-buddy-agent-1.10.22.jar:/Users/sumeetgyanchandani/.m2/repository/org/objenesis/objenesis/3.2/objenesis-3.2.jar:/Users/sumeetgyanchandani/.m2/repository/org/mockito/mockito-junit-jupiter/3.9.0/mockito-junit-jupiter-3.9.0.jar:/Users/sumeetgyanchandani/.m2/repository/org/skyscreamer/jsonassert/1.5.0/jsonassert-1.5.0.jar:/Users/sumeetgyanchandani/.m2/repository/com/vaadin/external/google/android-json/0.0.20131108.vaadin1/android-json-0.0.20131108.vaadin1.jar:/Users/sumeetgyanchandani/.m2/repository/org/springframework/spring-core/5.3.10/spring-core-5.3.10.jar:/Users/sumeetgyanchandani/.m2/repository/org/springframework/spring-jcl/5.3.10/spring-jcl-5.3.10.jar:/Users/sumeetgyanchandani/.m2/repository/org/springframework/spring-test/5.3.10/spring-test-5.3.10.jar:/Users/sumeetgyanchandani/.m2/repository/org/xmlunit/xmlunit-core/2.8.2/xmlunit-core-2.8.2.jar:/Users/sumeetgyanchandani/.m2/repository/io/cucumber/cucumber-java/6.11.0/cucumber-java-6.11.0.jar:/Users/sumeetgyanchandani/.m2/repository/io/cucumber/cucumber-core/6.11.0/cucumber-core-6.11.0.jar:/Users/sumeetgyanchandani/.m2/repository/io/cucumber/cucumber-gherkin/6.11.0/cucumber-gherkin-6.11.0.jar:/Users/sumeetgyanchandani/.m2/repository/io/cucumber/cucumber-gherkin-messages/6.11.0/cucumber-gherkin-messages-6.11.0.jar:/Users/sumeetgyanchandani/.m2/repository/io/cucumber/messages/15.0.0/messages-15.0.0.jar:/Users/sumeetgyanchandani/.m2/repository/io/cucumber/tag-expressions/3.0.1/tag-expressions-3.0.1.jar:/Users/sumeetgyanchandani/.m2/repository/io/cucumber/cucumber-expressions/10.3.0/cucumber-expressions-10.3.0.jar:/Users/sumeetgyanchandani/.m2/repository/io/cucumber/datatable/3.5.0/datatable-3.5.0.jar:/Users/sumeetgyanchandani/.m2/repository/io/cucumber/cucumber-plugin/6.11.0/cucumber-plugin-6.11.0.jar:/Users/sumeetgyanchandani/.m2/repository/io/cucumber/docstring/6.11.0/docstring-6.11.0.jar:/Users/sumeetgyanchandani/.m2/repository/io/cucumber/html-formatter/13.0.0/html-formatter-13.0.0.jar:/Users/sumeetgyanchandani/.m2/repository/io/cucumber/create-meta/4.0.0/create-meta-4.0.0.jar:/Users/sumeetgyanchandani/.m2/repository/org/apiguardian/apiguardian-api/1.1.2/apiguardian-api-1.1.2.jar:/Users/sumeetgyanchandani/.m2/repository/io/cucumber/cucumber-junit/6.11.0/cucumber-junit-6.11.0.jar:/Users/sumeetgyanchandani/.m2/repository/junit/junit/4.13.2/junit-4.13.2.jar:/Users/sumeetgyanchandani/.m2/repository/org/hamcrest/hamcrest-core/2.2/hamcrest-core-2.2.jar:/Users/sumeetgyanchandani/.m2/repository/io/cucumber/cucumber-junit-platform-engine/6.11.0/cucumber-junit-platform-engine-6.11.0.jar:/Users/sumeetgyanchandani/.m2/repository/org/junit/platform/junit-platform-engine/1.8.1/junit-platform-engine-1.8.1.jar:/Users/sumeetgyanchandani/.m2/repository/org/junit/jupiter/junit-jupiter-api/5.8.1/junit-jupiter-api-5.8.1.jar:/Users/sumeetgyanchandani/.m2/repository/org/opentest4j/opentest4j/1.2.0/opentest4j-1.2.0.jar:/Users/sumeetgyanchandani/.m2/repository/org/junit/platform/junit-platform-commons/1.8.1/junit-platform-commons-1.8.1.jar:/Users/sumeetgyanchandani/.m2/repository/org/junit/vintage/junit-vintage-engine/5.8.1/junit-vintage-engine-5.8.1.jar:/Users/sumeetgyanchandani/.m2/repository/io/cucumber/cucumber-spring/6.11.0/cucumber-spring-6.11.0.jar:/Users/sumeetgyanchandani/.m2/repository/org/assertj/assertj-core/3.21.0/assertj-core-3.21.0.jar:"/>
    <property name="sun.cpu.endian" value="little"/>
    <property name="user.home" value="/Users/sumeetgyanchandani"/>
    <property name="user.language" value="en"/>
    <property name="java.specification.vendor" value="Oracle Corporation"/>
    <property name="java.version.date" value="2022-10-18"/>
    <property name="java.home" value="/Library/Java/JavaVirtualMachines/jdk-19.jdk/Contents/Home"/>
    <property name="file.separator" value="/"/>
    <property name="basedir" value="/Users/sumeetgyanchandani/Java Projects/trading-app"/>
    <property name="java.vm.compressedOopsMode" value="Zero based"/>
    <property name="line.separator" value="&#10;"/>
    <property name="java.vm.specification.vendor" value="Oracle Corporation"/>
    <property name="java.specification.name" value="Java Platform API Specification"/>
    <property name="apple.awt.application.name" value="ForkedBooter"/>
    <property name="surefire.real.class.path" value="/Users/sumeetgyanchandani/Java Projects/trading-app/target/surefire/surefirebooter5533806010828752768.jar"/>
    <property name="sun.management.compiler" value="HotSpot 64-Bit Tiered Compilers"/>
    <property name="ftp.nonProxyHosts" value="local|*.local|169.254/16|*.169.254/16"/>
    <property name="java.runtime.version" value="19.0.1+10-21"/>
    <property name="user.name" value="sumeetgyanchandani"/>
    <property name="stdout.encoding" value="UTF-8"/>
    <property name="path.separator" value=":"/>
    <property name="os.version" value="13.0.1"/>
    <property name="java.runtime.name" value="Java(TM) SE Runtime Environment"/>
    <property name="file.encoding" value="UTF-8"/>
    <property name="java.vm.name" value="Java HotSpot(TM) 64-Bit Server VM"/>
    <property name="localRepository" value="/Users/sumeetgyanchandani/.m2/repository"/>
    <property name="java.vendor.url.bug" value="https://bugreport.java.com/bugreport/"/>
    <property name="java.io.tmpdir" value="/var/folders/w8/6f1pn8kn4h915hks2257dyk00000gn/T/"/>
    <property name="java.version" value="19.0.1"/>
    <property name="user.dir" value="/Users/sumeetgyanchandani/Java Projects/trading-app"/>
    <property name="os.arch" value="x86_64"/>
    <property name="java.vm.specification.name" value="Java Virtual Machine Specification"/>
    <property name="native.encoding" value="UTF-8"/>
    <property name="java.library.path" value="/Users/sumeetgyanchandani/Library/Java/Extensions:/Library/Java/Extensions:/Network/Library/Java/Extensions:/System/Library/Java/Extensions:/usr/lib/java:."/>
    <property name="java.vm.info" value="mixed mode, sharing"/>
    <property name="stderr.encoding" value="UTF-8"/>
    <property name="java.vendor" value="Oracle Corporation"/>
    <property name="java.vm.version" value="19.0.1+10-21"/>
    <property name="sun.io.unicode.encoding" value="UnicodeBig"/>
    <property name="socksNonProxyHosts" value="local|*.local|169.254/16|*.169.254/16"/>
    <property name="java.class.version" value="63.0"/>
  </properties>
  <testcase name="Basic trading Buy Sell" classname="name.lattuada.trading.tests.CucumberTest" time="2.237"/>
  <testcase name="Basic trading Sell Buy" classname="name.lattuada.trading.tests.CucumberTest" time="0.125"/>
  <testcase name="No trades occur" classname="name.lattuada.trading.tests.CucumberTest" time="0.151"/>
  <testcase name="Basic trading Sell Buy with less quantity {Partial fulfillment}" classname="name.lattuada.trading.tests.CucumberTest" time="0.116"/>
</testsuite>